\BOOKMARK [0][-]{chapter*.1}{\376\377\000R\000\351\000s\000u\000m\000\351}{}% 1
\BOOKMARK [0][-]{chapter*.2}{\376\377\000R\000e\000m\000e\000r\000c\000i\000e\000m\000e\000n\000t\000s}{}% 2
\BOOKMARK [0][-]{chapter*.3}{\376\377\000I\000n\000t\000r\000o\000d\000u\000c\000t\000i\000o\000n}{}% 3
\BOOKMARK [-1][-]{part.1}{\376\377\000I\000\040\000P\000r\000\351\000s\000e\000n\000t\000a\000t\000i\000o\000n\000\040\000d\000u\000\040\000p\000r\000o\000j\000e\000t}{}% 4
\BOOKMARK [0][-]{chapter.1}{\376\377\000Q\000u\000'\000e\000s\000t\000-\000c\000e\000\040\000q\000u\000e\000\040\000l\000'\000H\000T\000R\000\040\000?}{part.1}% 5
\BOOKMARK [1][-]{section.1.1}{\376\377\000L\000'\000o\000b\000j\000e\000c\000t\000i\000f\000\040\000d\000e\000\040\000l\000'\000H\000T\000R}{chapter.1}% 6
\BOOKMARK [1][-]{section.1.2}{\376\377\000L\000'\000h\000i\000s\000t\000o\000i\000r\000e\000\040\000e\000t\000\040\000l\000'\000\351\000v\000o\000l\000u\000t\000i\000o\000n\000\040\000d\000e\000\040\000l\000a\000\040\000t\000e\000c\000h\000n\000o\000l\000o\000g\000i\000e}{chapter.1}% 7
\BOOKMARK [1][-]{section.1.3}{\376\377\000L\000e\000s\000\040\000d\000e\000u\000x\000\040\000a\000p\000p\000r\000o\000c\000h\000e\000s\000\040\000a\000c\000t\000u\000e\000l\000l\000e\000s}{chapter.1}% 8
\BOOKMARK [2][-]{subsection.1.3.1}{\376\377\000L\000'\000O\000C\000R}{section.1.3}% 9
\BOOKMARK [2][-]{subsection.1.3.2}{\376\377\000L\000'\000H\000T\000R}{section.1.3}% 10
\BOOKMARK [0][-]{chapter.2}{\376\377\000A\000u\000\040\000c\000o\000m\000m\000e\000n\000c\000e\000m\000e\000n\000t\000,\000\040\000i\000l\000\040\000y\000\040\000a\000v\000a\000i\000t\000\040\000l\000e\000s\000\040\000g\000u\000i\000d\000e\000l\000i\000n\000e\000s\000\040\000S\000e\000g\000m\000O\000n\000t\000o}{part.1}% 11
\BOOKMARK [1][-]{section.2.1}{\376\377\000L\000a\000\040\000p\000r\000o\000b\000l\000\351\000m\000a\000t\000i\000q\000u\000e}{chapter.2}% 12
\BOOKMARK [1][-]{section.2.2}{\376\377\000L\000e\000s\000\040\000g\000u\000i\000d\000e\000l\000i\000n\000e\000s\000\040\000d\000e\000\040\000S\000e\000g\000m\000O\000n\000t\000o}{chapter.2}% 13
\BOOKMARK [1][-]{section.2.3}{\376\377\000L\000'\000a\000v\000a\000n\000t\000a\000g\000e}{chapter.2}% 14
\BOOKMARK [0][-]{chapter.3}{\376\377\000L\000e\000\040\000r\000\352\000v\000e\000\040\000d\000u\000\040\000p\000r\000o\000j\000e\000t\000\040\000G\000a\000l\000l\000i\000c\000\050\000o\000r\000p\000o\000r\000\051\000a}{part.1}% 15
\BOOKMARK [1][-]{section.3.1}{\376\377\000L\000e\000\040\000c\000o\000n\000t\000e\000x\000t\000e\000\040\000d\000u\000\040\000p\000r\000o\000j\000e\000t}{chapter.3}% 16
\BOOKMARK [1][-]{section.3.2}{\376\377\000L\000'\000o\000b\000j\000e\000c\000t\000i\000f\000\040\000d\000u\000\040\000p\000r\000o\000j\000e\000t}{chapter.3}% 17
\BOOKMARK [1][-]{section.3.3}{\376\377\000L\000e\000\040\000p\000i\000p\000e\000l\000i\000n\000e}{chapter.3}% 18
\BOOKMARK [-1][-]{part.2}{\376\377\000I\000I\000\040\000E\000x\000p\000o\000s\000i\000t\000i\000o\000n\000\040\000d\000e\000\040\000l\000a\000\040\000p\000r\000\351\000p\000a\000r\000a\000t\000i\000o\000n\000\040\000e\000t\000\040\000d\000u\000\040\000t\000r\000a\000v\000a\000i\000l\000\040\000d\000'\000a\000n\000a\000l\000y\000s\000e}{}% 19
\BOOKMARK [0][-]{chapter.4}{\376\377\000U\000n\000\040\000p\000i\000p\000e\000l\000i\000n\000e\000\040\000v\000i\000s\000a\000n\000t\000\040\000\340\000\040\000t\000o\000u\000t\000\040\000r\000a\000s\000s\000e\000m\000b\000l\000e\000r}{part.2}% 20
\BOOKMARK [1][-]{section.4.1}{\376\377\000L\000e\000s\000\040\000d\000o\000n\000n\000\351\000e\000s\000\040\000d\000'\000e\000n\000t\000r\000a\000\356\000n\000e\000m\000e\000n\000t\000\040\000H\000T\000R}{chapter.4}% 21
\BOOKMARK [1][-]{section.4.2}{\376\377\000L\000e\000s\000\040\000d\000o\000n\000n\000\351\000e\000s\000\040\000d\000'\000e\000n\000t\000r\000a\000\356\000n\000e\000m\000e\000n\000t\000\040\000T\000A\000L}{chapter.4}% 22
\BOOKMARK [1][-]{section.4.3}{\376\377\000L\000a\000\040\000f\000i\000n\000\040\000d\000u\000\040\000p\000i\000p\000e\000l\000i\000n\000e\000\040\000:\000\040\000T\000E\000I\000\040\000P\000u\000b\000l\000i\000s\000h\000e\000r}{chapter.4}% 23
\BOOKMARK [0][-]{chapter.5}{\376\377\000L\000'\000a\000n\000a\000l\000y\000s\000e\000\040\000d\000e\000s\000\040\000s\000t\000r\000u\000c\000t\000u\000r\000e\000s\000\040\000d\000e\000s\000\040\000d\000o\000n\000n\000\351\000e\000s\000\040\000X\000M\000L}{part.2}% 24
\BOOKMARK [1][-]{section.5.1}{\376\377\000X\000M\000L\000-\000A\000L\000T\000O}{chapter.5}% 25
\BOOKMARK [2][-]{subsection.5.1.1}{\376\377\000Q\000u\000'\000e\000s\000t\000-\000c\000e\000\040\000q\000u\000'\000e\000s\000t\000\040\000l\000e\000\040\000f\000o\000r\000m\000a\000t\000\040\000A\000L\000T\000O\000\040\000?}{section.5.1}% 26
\BOOKMARK [2][-]{subsection.5.1.2}{\376\377\000L\000a\000\040\000s\000t\000r\000u\000c\000t\000u\000r\000e\000\040\000d\000e\000s\000\040\000f\000i\000c\000h\000i\000e\000r\000s\000\040\000X\000M\000L\000-\000A\000L\000T\000O}{section.5.1}% 27
\BOOKMARK [1][-]{section.5.2}{\376\377\000X\000M\000l\000-\000T\000E\000I}{chapter.5}% 28
\BOOKMARK [2][-]{subsection.5.2.1}{\376\377\000Q\000u\000'\000e\000s\000t\000-\000c\000e\000\040\000q\000u\000'\000e\000s\000t\000\040\000l\000a\000\040\000T\000E\000I\000\040\000?}{section.5.2}% 29
\BOOKMARK [2][-]{subsection.5.2.2}{\376\377\000L\000e\000s\000\040\000\351\000l\000\351\000m\000e\000n\000t\000s\000\040\000d\000e\000\040\000b\000a\000s\000e\000\040\000d\000e\000\040\000l\000a\000\040\000T\000E\000I}{section.5.2}% 30
\BOOKMARK [0][-]{chapter.6}{\376\377\000\300\000\040\000l\000a\000\040\000r\000e\000c\000h\000e\000r\000c\000h\000e\000\040\000d\000e\000s\000\040\000m\000\351\000t\000a\000d\000o\000n\000n\000\351\000e\000s}{part.2}% 31
\BOOKMARK [1][-]{section.6.1}{\376\377\000U\000n\000i\000q\000u\000e\000m\000e\000n\000t\000\040\000l\000'\000e\000s\000s\000e\000n\000t\000i\000e\000l}{chapter.6}% 32
\BOOKMARK [2][-]{subsection.6.1.1}{\376\377\000D\000o\000c\000u\000m\000e\000n\000t\000s\000\040\000d\000e\000\040\000d\000i\000v\000e\000r\000s\000\040\000t\000y\000p\000e\000s\000\040\000e\000t\000\040\000d\000e\000\040\000p\000l\000u\000s\000i\000e\000u\000r\000s\000\040\000\351\000p\000o\000q\000u\000e\000s}{section.6.1}% 33
\BOOKMARK [2][-]{subsection.6.1.2}{\376\377\000E\000x\000e\000m\000p\000l\000e\000s\000\040\000d\000e\000s\000\040\000m\000\351\000t\000a\000d\000o\000n\000n\000\351\000e\000s\000\040\000s\000o\000u\000h\000a\000i\000t\000\351\000e\000s}{section.6.1}% 34
\BOOKMARK [1][-]{section.6.2}{\376\377\000O\000\371\000\040\000s\000e\000\040\000t\000r\000o\000u\000v\000e\000n\000t\000\040\000l\000e\000s\000\040\000m\000\351\000t\000a\000d\000o\000n\000n\000\351\000e\000s\000\040\000d\000e\000s\000\040\000s\000o\000u\000r\000c\000e\000s\000\040\000d\000e\000\040\000G\000a\000l\000l\000i\000c\000a}{chapter.6}% 35
\BOOKMARK [2][-]{subsection.6.2.1}{\376\377\000L\000'\000I\000I\000I\000F\000\040\000I\000m\000a\000g\000e\000\040\000A\000P\000I}{section.6.2}% 36
\BOOKMARK [2][-]{subsection.6.2.2}{\376\377\000L\000'\000A\000P\000I\000\040\000S\000R\000U\000\040\000d\000e\000\040\000l\000a\000\040\000B\000n\000F}{section.6.2}% 37
\BOOKMARK [1][-]{section.6.3}{\376\377\000U\000n\000e\000\040\000s\000o\000l\000u\000t\000i\000o\000n}{chapter.6}% 38
\BOOKMARK [-1][-]{part.3}{\376\377\000I\000I\000I\000\040\000M\000i\000s\000e\000\040\000e\000n\000\040\000o\000p\000\351\000r\000a\000t\000i\000o\000n\000n\000e\000l\000l\000e\000\040\000d\000u\000\040\000p\000r\000o\000j\000e\000t}{}% 39
\BOOKMARK [0][-]{chapter.7}{\376\377\000L\000a\000\040\000g\000\351\000n\000\351\000r\000a\000t\000i\000o\000n\000\040\000d\000u\000\040\000<\000t\000e\000i\000H\000e\000a\000d\000e\000r\000>}{part.3}% 40
\BOOKMARK [1][-]{section.7.1}{\376\377\000L\000a\000\040\000r\000\351\000c\000u\000p\000\351\000r\000a\000t\000i\000o\000n\000\040\000d\000e\000s\000\040\000d\000o\000n\000n\000\351\000e\000s}{chapter.7}% 41
\BOOKMARK [2][-]{subsection.7.1.1}{\376\377\000D\000u\000\040\000m\000a\000n\000i\000f\000e\000s\000t\000\040\000I\000I\000I\000F\000\040\000\340\000\040\000u\000n\000\040\000d\000i\000c\000t\000i\000o\000n\000n\000a\000i\000r\000e\000\040\000P\000y\000t\000h\000o\000n}{section.7.1}% 42
\BOOKMARK [2][-]{subsection.7.1.2}{\376\377\000D\000e\000\040\000l\000'\000U\000n\000i\000m\000a\000r\000c\000\040\000\340\000\040\000u\000n\000\040\000d\000i\000c\000t\000i\000o\000n\000n\000a\000i\000r\000e\000\040\000P\000y\000t\000h\000o\000n}{section.7.1}% 43
\BOOKMARK [1][-]{section.7.2}{\376\377\000L\000'\000a\000n\000a\000l\000y\000s\000e\000\040\000d\000e\000s\000\040\000d\000o\000n\000n\000\351\000e\000s}{chapter.7}% 44
\BOOKMARK [1][-]{section.7.3}{\376\377\000L\000e\000\040\000m\000o\000d\000\350\000l\000e\000\040\000d\000u\000\040\000<\000t\000e\000i\000H\000e\000a\000d\000e\000r\000>}{chapter.7}% 45
\BOOKMARK [0][-]{chapter.8}{\376\377\000L\000a\000\040\000m\000o\000d\000\351\000l\000i\000s\000a\000t\000i\000o\000n\000\040\000d\000e\000\040\000l\000a\000\040\000<\000s\000o\000u\000r\000c\000e\000D\000o\000c\000>}{part.3}% 46
\BOOKMARK [1][-]{section.8.1}{\376\377\000L\000e\000\040\000m\000o\000d\000\350\000l\000e\000\040\000d\000u\000\040\000<\000s\000o\000u\000r\000c\000e\000D\000o\000c\000>}{chapter.8}% 47
\BOOKMARK [2][-]{subsection.8.1.1}{\376\377\000N\000i\000v\000e\000a\000u\000\040\000d\000e\000\040\000l\000a\000\040\000l\000i\000g\000n\000e\000\040\000d\000e\000\040\000t\000e\000x\000t\000e}{section.8.1}% 48
\BOOKMARK [2][-]{subsection.8.1.2}{\376\377\000N\000i\000v\000e\000a\000u\000\040\000d\000'\000u\000n\000\040\000m\000o\000t\000\040\000o\000u\000\040\000d\000'\000u\000n\000e\000\040\000e\000s\000p\000a\000c\000e}{section.8.1}% 49
\BOOKMARK [2][-]{subsection.8.1.3}{\376\377\000N\000i\000v\000e\000a\000u\000\040\000d\000u\000\040\000g\000l\000y\000p\000h\000e}{section.8.1}% 50
\BOOKMARK [1][-]{section.8.2}{\376\377\000D\000o\000c\000u\000m\000e\000n\000t\000e\000r\000\040\000c\000e\000\040\000m\000o\000d\000\350\000l\000e\000\040\000d\000a\000n\000s\000\040\000l\000'\000O\000D\000D}{chapter.8}% 51
\BOOKMARK [0][-]{chapter.9}{\376\377\000L\000e\000s\000\040\000d\000o\000n\000n\000\351\000e\000s\000\040\000t\000e\000x\000t\000u\000e\000l\000l\000e\000s\000\040\000p\000r\000o\000d\000u\000i\000t\000e\000s}{part.3}% 52
\BOOKMARK [1][-]{section.9.1}{\376\377\000L\000a\000\040\000g\000\351\000n\000\351\000r\000a\000t\000i\000o\000n\000\040\000d\000u\000\040\000<\000b\000o\000d\000y\000>\000\040\000g\000r\000\342\000c\000e\000\040\000a\000u\000\040\000l\000e\000x\000i\000q\000u\000e\000\040\000S\000e\000g\000m\000O\000n\000t\000o}{chapter.9}% 53
\BOOKMARK [1][-]{section.9.2}{\376\377\000L\000'\000a\000n\000a\000l\000y\000s\000e\000\040\000l\000i\000n\000g\000u\000i\000s\000t\000i\000q\000u\000e}{chapter.9}% 54
\BOOKMARK [0][-]{chapter*.4}{\376\377\000C\000o\000n\000c\000l\000u\000s\000i\000o\000n}{part.3}% 55
\BOOKMARK [0][-]{appendix.A}{\376\377\000D\000o\000n\000n\000\351\000e\000s}{part.3}% 56
